2025-03-26 22:36:02,672 - BundesligaPredictor - INFO - Инициализация системы прогнозирования Бундеслиги
2025-03-26 22:36:02,673 - DataCollector - INFO - Инициализирован сборщик данных для Бундеслиги
2025-03-26 22:36:02,675 - Analyzer - INFO - Инициализирован анализатор данных для Бундеслиги
2025-03-26 22:36:02,675 - Analyzer - WARNING - Файл с информацией о командах не найден
2025-03-26 22:36:02,675 - Analyzer - WARNING - Файлы с прошедшими матчами не найдены
2025-03-26 22:36:02,677 - OddsCollector - WARNING - Файл с информацией о командах не найден
2025-03-26 22:36:02,677 - OddsCollector - INFO - Инициализирован сборщик коэффициентов
2025-03-26 22:36:02,679 - BundesligaPredictor - INFO - Запуск полного цикла работы системы
2025-03-26 22:36:02,680 - BundesligaPredictor - INFO - Начинаем сбор данных...
2025-03-26 22:36:02,681 - DataCollector - INFO - Начинаем сбор всех данных для анализа
2025-03-26 22:36:02,681 - DataCollector - INFO - Получение информации о командах Бундеслиги
2025-03-26 22:36:02,849 - DataCollector - ERROR - Ошибка при получении информации о командах: 404 Client Error: Not Found for url: https://api.openligadb.de/getmatchdata/getavailableteams/bl1/2024
2025-03-26 22:36:02,852 - DataCollector - INFO - Получение информации о матчах Бундеслиги
2025-03-26 22:36:03,101 - DataCollector - INFO - Получена информация о 306 матчах
2025-03-26 22:36:03,102 - DataCollector - ERROR - Ошибка при получении информации о матчах: 'NoneType' object has no attribute 'replace'
2025-03-26 22:36:03,113 - BookmakerIntegration - INFO - Попытка получения коэффициентов через The Odds API
2025-03-26 22:36:03,123 - TheOddsAPI - INFO - Запрос коэффициентов через The Odds API для soccer_germany_bundesliga
2025-03-26 22:36:03,513 - TheOddsAPI - INFO - Получены коэффициенты для 18 матчей
2025-03-26 22:36:03,582 - TheOddsAPI - INFO - Данные сохранены в data/odds/the_odds_api_20250326_223603.json
2025-03-26 22:36:03,629 - BookmakerIntegration - INFO - Успешно получены коэффициенты через The Odds API для 18 матчей
2025-03-26 22:36:03,630 - OddsCollector - WARNING - Файлы с прошедшими матчами не найдены
2025-03-26 22:36:03,631 - BundesligaPredictor - INFO - Сбор данных завершен
2025-03-26 22:36:03,632 - BundesligaPredictor - INFO - Начинаем анализ и создание прогнозов...
2025-03-26 22:36:03,632 - Analyzer - WARNING - Нет данных о матчах для расчета рейтингов
2025-03-26 22:36:03,633 - Analyzer - WARNING - Файлы с будущими матчами не найдены
2025-03-26 22:36:03,634 - BundesligaPredictor - INFO - Создано 0 прогнозов
2025-03-26 23:16:22,369 - BundesligaPredictor - INFO - Инициализация системы прогнозирования Бундеслиги
2025-03-26 23:16:22,371 - DataCollector - INFO - Инициализирован сборщик данных для Бундеслиги
2025-03-26 23:16:22,372 - Analyzer - INFO - Инициализирован анализатор данных для Бундеслиги
2025-03-26 23:16:22,372 - Analyzer - WARNING - Файл с информацией о командах не найден
2025-03-26 23:16:22,373 - Analyzer - WARNING - Файлы с прошедшими матчами не найдены
2025-03-26 23:16:22,374 - OddsCollector - WARNING - Файл с информацией о командах не найден
2025-03-26 23:16:22,375 - OddsCollector - INFO - Инициализирован сборщик коэффициентов
2025-03-26 23:26:39,233 - BundesligaPredictor - INFO - Инициализация системы прогнозирования Бундеслиги
2025-03-26 23:26:39,235 - DataCollector - INFO - Инициализирован сборщик данных для Бундеслиги
2025-03-26 23:26:39,235 - Analyzer - INFO - Инициализирован анализатор данных для Бундеслиги
2025-03-26 23:26:39,235 - Analyzer - WARNING - Файл с информацией о командах не найден
2025-03-26 23:26:39,237 - Analyzer - WARNING - Файлы с прошедшими матчами не найдены
2025-03-26 23:26:39,238 - OddsCollector - WARNING - Файл с информацией о командах не найден
2025-03-26 23:26:39,238 - OddsCollector - INFO - Инициализирован сборщик коэффициентов
2025-03-27 01:01:16,873 - BundesligaPredictor - INFO - Инициализация системы прогнозирования Бундеслиги
2025-03-27 01:01:16,875 - DataCollector - INFO - Инициализирован сборщик данных для Бундеслиги
2025-03-27 01:01:16,875 - Analyzer - INFO - Инициализирован анализатор данных для Бундеслиги
2025-03-27 01:01:16,876 - Analyzer - WARNING - Файл с информацией о командах не найден
2025-03-27 01:01:16,876 - Analyzer - WARNING - Файлы с прошедшими матчами не найдены
2025-03-27 01:01:16,878 - OddsCollector - WARNING - Файл с информацией о командах не найден
2025-03-27 01:01:16,879 - OddsCollector - INFO - Инициализирован сборщик коэффициентов
2025-03-27 01:01:16,880 - BundesligaPredictor - INFO - Запуск полного цикла работы системы
2025-03-27 01:01:16,881 - BundesligaPredictor - INFO - Начинаем сбор данных...
2025-03-27 01:01:16,881 - DataCollector - INFO - Начинаем сбор всех данных для анализа
2025-03-27 01:01:16,882 - DataCollector - INFO - Получение информации о командах Бундеслиги
2025-03-27 01:01:16,882 - BundesligaPredictor - ERROR - Ошибка при сборе данных: name 'LEAGUE_NAME' is not defined
2025-03-27 01:01:16,891 - DataCollector - INFO - Инициализирован сборщик данных для Бундеслиги
2025-03-27 01:01:16,892 - DataCollector - INFO - Получение информации о матчах Бундеслиги
2025-03-27 01:02:14,199 - BundesligaPredictor - INFO - Инициализация системы прогнозирования Бундеслиги
2025-03-27 01:02:14,200 - DataCollector - INFO - Инициализирован сборщик данных для Бундеслиги
2025-03-27 01:02:14,201 - Analyzer - INFO - Инициализирован анализатор данных для Бундеслиги
2025-03-27 01:02:14,201 - Analyzer - WARNING - Файл с информацией о командах не найден
2025-03-27 01:02:14,202 - Analyzer - WARNING - Файлы с прошедшими матчами не найдены
2025-03-27 01:02:14,203 - OddsCollector - WARNING - Файл с информацией о командах не найден
2025-03-27 01:02:14,203 - OddsCollector - INFO - Инициализирован сборщик коэффициентов
2025-03-27 01:02:14,205 - BundesligaPredictor - INFO - Запуск полного цикла работы системы
2025-03-27 01:02:14,206 - BundesligaPredictor - INFO - Начинаем сбор данных...
2025-03-27 01:02:14,206 - DataCollector - INFO - Начинаем сбор всех данных для анализа
2025-03-27 01:02:14,207 - DataCollector - INFO - Получение информации о командах Бундеслиги
2025-03-27 01:02:14,350 - DataCollector - INFO - Получена информация о 18 командах
2025-03-27 01:02:14,378 - DataCollector - INFO - Информация о командах сохранена в C:\Users\Fylkrym\Desktop\nextstep\data/bundesliga_teams.json
2025-03-27 01:02:14,380 - DataCollector - INFO - Получение информации о матчах Бундеслиги
2025-03-27 01:02:14,628 - DataCollector - INFO - Получена информация о 306 матчах
2025-03-27 01:02:15,047 - DataCollector - INFO - Информация о 306 предстоящих матчах сохранена в C:\Users\Fylkrym\Desktop\nextstep\data\matches/future_matches_20250327_010214.json
2025-03-27 01:02:15,476 - DataCollector - INFO - Информация о 306 предстоящих матчах сохранена в C:\Users\Fylkrym\Desktop\nextstep\data\matches/future_matches_20250327_010215.json
2025-03-27 01:02:15,478 - BookmakerIntegration - INFO - Попытка получения коэффициентов через The Odds API
2025-03-27 01:02:15,489 - TheOddsAPI - INFO - НАЧАЛО ЗАПРОСА: sport=soccer_germany_bundesliga, regions=eu,uk, markets=h2h
2025-03-27 01:02:15,490 - TheOddsAPI - INFO - API Key: 58a2f...7c600
2025-03-27 01:02:15,911 - TheOddsAPI - INFO - Статус ответа: 200
2025-03-27 01:02:15,912 - TheOddsAPI - INFO - URL запроса: https://api.the-odds-api.com/v4/sports/soccer_germany_bundesliga/odds?apiKey=58a2f2727f4ce6fd686ed4f6d347c600&regions=eu%2Cuk&markets=h2h&oddsFormat=decimal
2025-03-27 01:02:15,916 - TheOddsAPI - INFO - Получены коэффициенты для 18 матчей
2025-03-27 01:02:16,085 - TheOddsAPI - INFO - Обработано матчей: 18
2025-03-27 01:02:16,087 - BookmakerIntegration - INFO - Успешно получены коэффициенты через The Odds API для 18 матчей
2025-03-27 01:02:16,088 - OddsCollector - WARNING - Файлы с прошедшими матчами не найдены
2025-03-27 01:02:16,089 - BundesligaPredictor - INFO - Сбор данных завершен
2025-03-27 01:02:16,090 - BundesligaPredictor - INFO - Начинаем анализ и создание прогнозов...
2025-03-27 01:02:16,090 - Analyzer - WARNING - Нет данных о матчах для расчета рейтингов
2025-03-27 01:02:16,101 - Analyzer - INFO - Загружено 306 предстоящих матчей для анализа из файла
2025-03-27 01:02:16,109 - Analyzer - INFO - Загружено 306 предстоящих матчей для анализа
2025-03-27 01:02:16,110 - Analyzer - WARNING - Нет данных о матчах для расчета рейтингов
2025-03-27 01:02:16,110 - Analyzer - WARNING - Рейтинги отсутствуют для команд 87 или 6
2025-03-27 01:02:16,111 - Analyzer - WARNING - Нет данных о матчах для расчета рейтингов
2025-03-27 01:02:16,111 - Analyzer - WARNING - Рейтинги отсутствуют для команд 1635 или 129
2025-03-27 01:02:16,111 - Analyzer - WARNING - Нет данных о матчах для расчета рейтингов
2025-03-27 01:02:16,112 - Analyzer - WARNING - Рейтинги отсутствуют для команд 175 или 104
2025-03-27 01:02:16,112 - Analyzer - WARNING - Нет данных о матчах для расчета рейтингов
2025-03-27 01:02:16,113 - Analyzer - WARNING - Рейтинги отсутствуют для команд 112 или 16
2025-03-27 01:02:16,113 - Analyzer - WARNING - Нет данных о матчах для расчета рейтингов
2025-03-27 01:02:16,114 - Analyzer - WARNING - Рейтинги отсутствуют для команд 95 или 134
2025-03-27 01:02:16,114 - Analyzer - WARNING - Нет данных о матчах для расчета рейтингов
2025-03-27 01:02:16,114 - Analyzer - WARNING - Рейтинги отсутствуют для команд 81 или 80
2025-03-27 01:02:16,115 - Analyzer - WARNING - Нет данных о матчах для расчета рейтингов
2025-03-27 01:02:16,115 - Analyzer - WARNING - Рейтинги отсутствуют для команд 7 или 91
2025-03-27 01:02:16,116 - Analyzer - WARNING - Нет данных о матчах для расчета рейтингов
2025-03-27 01:02:16,116 - Analyzer - WARNING - Рейтинги отсутствуют для команд 131 или 40
2025-03-27 01:02:16,117 - Analyzer - WARNING - Нет данных о матчах для расчета рейтингов
2025-03-27 01:02:16,117 - Analyzer - WARNING - Рейтинги отсутствуют для команд 98 или 199
2025-03-27 01:02:16,118 - Analyzer - WARNING - Нет данных о матчах для расчета рейтингов
2025-03-27 01:02:16,118 - Analyzer - WARNING - Рейтинги отсутствуют для команд 80 или 98
2025-03-27 01:02:16,119 - Analyzer - WARNING - Нет данных о матчах для расчета рейтингов
2025-03-27 01:02:16,119 - Analyzer - WARNING - Рейтинги отсутствуют для команд 16 или 81
2025-03-27 01:02:16,120 - Analyzer - WARNING - Нет данных о матчах для расчета рейтингов
2025-03-27 01:02:16,120 - Analyzer - WARNING - Рейтинги отсутствуют для команд 91 или 175
2025-03-27 01:02:16,121 - Analyzer - WARNING - Нет данных о матчах для расчета рейтингов
2025-03-27 01:02:16,121 - Analyzer - WARNING - Рейтинги отсутствуют для команд 134 или 7
2025-03-27 01:02:16,122 - Analyzer - WARNING - Нет данных о матчах для расчета рейтингов
2025-03-27 01:02:16,122 - Analyzer - WARNING - Рейтинги отсутствуют для команд 129 или 87
2025-03-27 01:02:16,122 - Analyzer - WARNING - Нет данных о матчах для расчета рейтингов
2025-03-27 01:02:16,123 - Analyzer - WARNING - Рейтинги отсутствуют для команд 104 или 131
2025-03-27 01:02:16,123 - Analyzer - WARNING - Нет данных о матчах для расчета рейтингов
2025-03-27 01:02:16,123 - Analyzer - WARNING - Рейтинги отсутствуют для команд 6 или 1635
2025-03-27 01:02:16,124 - Analyzer - WARNING - Нет данных о матчах для расчета рейтингов
2025-03-27 01:02:16,124 - Analyzer - WARNING - Рейтинги отсутствуют для команд 199 или 95
2025-03-27 01:02:16,124 - Analyzer - WARNING - Нет данных о матчах для расчета рейтингов
2025-03-27 01:02:16,125 - Analyzer - WARNING - Рейтинги отсутствуют для команд 40 или 112
2025-03-27 01:02:16,125 - Analyzer - WARNING - Нет данных о матчах для расчета рейтингов
2025-03-27 01:02:16,126 - Analyzer - WARNING - Рейтинги отсутствуют для команд 7 или 199
2025-03-27 01:02:16,126 - Analyzer - WARNING - Нет данных о матчах для расчета рейтингов
2025-03-27 01:02:16,126 - Analyzer - WARNING - Рейтинги отсутствуют для команд 1635 или 80
2025-03-27 01:02:16,127 - Analyzer - WARNING - Нет данных о матчах для расчета рейтингов
2025-03-27 01:02:16,127 - Analyzer - WARNING - Рейтинги отсутствуют для команд 175 или 6
2025-03-27 01:02:16,127 - Analyzer - WARNING - Нет данных о матчах для расчета рейтингов
2025-03-27 01:02:16,128 - Analyzer - WARNING - Рейтинги отсутствуют для команд 112 или 129
2025-03-27 01:02:16,128 - Analyzer - WARNING - Нет данных о матчах для расчета рейтингов
2025-03-27 01:02:16,129 - Analyzer - WARNING - Рейтинги отсутствуют для команд 131 или 91
2025-03-27 01:02:16,129 - Analyzer - WARNING - Нет данных о матчах для расчета рейтингов
2025-03-27 01:02:16,130 - Analyzer - WARNING - Рейтинги отсутствуют для команд 87 или 16
2025-03-27 01:02:16,130 - Analyzer - WARNING - Нет данных о матчах для расчета рейтингов
2025-03-27 01:02:16,130 - Analyzer - WARNING - Рейтинги отсутствуют для команд 104 или 40
2025-03-27 01:02:16,131 - Analyzer - WARNING - Нет данных о матчах для расчета рейтингов
2025-03-27 01:02:16,131 - Analyzer - WARNING - Рейтинги отсутствуют для команд 95 или 98
2025-03-27 01:02:16,131 - Analyzer - WARNING - Нет данных о матчах для расчета рейтингов
2025-03-27 01:02:16,132 - Analyzer - WARNING - Рейтинги отсутствуют для команд 81 или 134
2025-03-27 01:02:16,132 - Analyzer - WARNING - Нет данных о матчах для расчета рейтингов
2025-03-27 01:02:16,132 - Analyzer - WARNING - Рейтинги отсутствуют для команд 95 или 81
2025-03-27 01:02:16,133 - Analyzer - WARNING - Нет данных о матчах для расчета рейтингов
2025-03-27 01:02:16,133 - Analyzer - WARNING - Рейтинги отсутствуют для команд 199 или 112
2025-03-27 01:02:16,133 - Analyzer - WARNING - Нет данных о матчах для расчета рейтингов
2025-03-27 01:02:16,134 - Analyzer - WARNING - Рейтинги отсутствуют для команд 134 или 40
2025-03-27 01:02:16,134 - Analyzer - WARNING - Нет данных о матчах для расчета рейтингов
2025-03-27 01:02:16,134 - Analyzer - WARNING - Рейтинги отсутствуют для команд 80 или 175
2025-03-27 01:02:16,135 - Analyzer - WARNING - Нет данных о матчах для расчета рейтингов
2025-03-27 01:02:16,135 - Analyzer - WARNING - Рейтинги отсутствуют для команд 129 или 104
2025-03-27 01:02:16,136 - Analyzer - WARNING - Нет данных о матчах для расчета рейтингов
2025-03-27 01:02:16,136 - Analyzer - WARNING - Рейтинги отсутствуют для команд 91 или 87
2025-03-27 01:02:16,137 - Analyzer - WARNING - Нет данных о матчах для расчета рейтингов
2025-03-27 01:02:16,137 - Analyzer - WARNING - Рейтинги отсутствуют для команд 6 или 131
2025-03-27 01:02:16,137 - Analyzer - WARNING - Нет данных о матчах для расчета рейтингов
2025-03-27 01:02:16,138 - Analyzer - WARNING - Рейтинги отсутствуют для команд 16 или 7
2025-03-27 01:02:16,138 - Analyzer - WARNING - Нет данных о матчах для расчета рейтингов
2025-03-27 01:02:16,138 - Analyzer - WARNING - Рейтинги отсутствуют для команд 98 или 1635
2025-03-27 01:02:16,139 - Analyzer - WARNING - Нет данных о матчах для расчета рейтингов
2025-03-27 01:02:16,139 - Analyzer - WARNING - Рейтинги отсутствуют для команд 7 или 129
2025-03-27 01:02:16,139 - Analyzer - WARNING - Нет данных о матчах для расчета рейтингов
2025-03-27 01:02:16,139 - Analyzer - WARNING - Рейтинги отсутствуют для команд 1635 или 95
2025-03-27 01:02:16,140 - Analyzer - WARNING - Нет данных о матчах для расчета рейтингов
2025-03-27 01:02:16,140 - Analyzer - WARNING - Рейтинги отсутствуют для команд 112 или 98
2025-03-27 01:02:16,140 - Analyzer - WARNING - Нет данных о матчах для расчета рейтингов
2025-03-27 01:02:16,141 - Analyzer - WARNING - Рейтинги отсутствуют для команд 131 или 16
2025-03-27 01:02:16,141 - Analyzer - WARNING - Нет данных о матчах для расчета рейтингов
2025-03-27 01:02:16,141 - Analyzer - WARNING - Рейтинги отсутствуют для команд 81 или 199
2025-03-27 01:02:16,142 - Analyzer - WARNING - Нет данных о матчах для расчета рейтингов
2025-03-27 01:02:16,142 - Analyzer - WARNING - Рейтинги отсутствуют для команд 87 или 80
2025-03-27 01:02:16,142 - Analyzer - WARNING - Нет данных о матчах для расчета рейтингов
2025-03-27 01:02:16,143 - Analyzer - WARNING - Рейтинги отсутствуют для команд 40 или 6
2025-03-27 01:02:16,143 - Analyzer - WARNING - Нет данных о матчах для расчета рейтингов
2025-03-27 01:02:16,143 - Analyzer - WARNING - Рейтинги отсутствуют для команд 104 или 91
2025-03-27 01:02:16,144 - Analyzer - WARNING - Нет данных о матчах для расчета рейтингов
2025-03-27 01:02:16,144 - Analyzer - WARNING - Рейтинги отсутствуют для команд 175 или 134
2025-03-27 01:02:16,144 - Analyzer - WARNING - Нет данных о матчах для расчета рейтингов
2025-03-27 01:02:16,145 - Analyzer - WARNING - Рейтинги отсутствуют для команд 95 или 87
2025-03-27 01:02:16,145 - Analyzer - WARNING - Нет данных о матчах для расчета рейтингов
2025-03-27 01:02:16,146 - Analyzer - WARNING - Рейтинги отсутствуют для команд 6 или 104
2025-03-27 01:02:16,146 - Analyzer - WARNING - Нет данных о матчах для расчета рейтингов
2025-03-27 01:02:16,147 - Analyzer - WARNING - Рейтинги отсутствуют для команд 134 или 112
2025-03-27 01:02:16,147 - Analyzer - WARNING - Нет данных о матчах для расчета рейтингов
2025-03-27 01:02:16,148 - Analyzer - WARNING - Рейтинги отсутствуют для команд 80 или 7
2025-03-27 01:02:16,148 - Analyzer - WARNING - Нет данных о матчах для расчета рейтингов
2025-03-27 01:02:16,149 - Analyzer - WARNING - Рейтинги отсутствуют для команд 129 или 131
2025-03-27 01:02:16,149 - Analyzer - WARNING - Нет данных о матчах для расчета рейтингов
2025-03-27 01:02:16,150 - Analyzer - WARNING - Рейтинги отсутствуют для команд 98 или 81
2025-03-27 01:02:16,150 - Analyzer - WARNING - Нет данных о матчах для расчета рейтингов
2025-03-27 01:02:16,151 - Analyzer - WARNING - Рейтинги отсутствуют для команд 199 или 1635
2025-03-27 01:02:16,151 - Analyzer - WARNING - Нет данных о матчах для расчета рейтингов
2025-03-27 01:02:16,152 - Analyzer - WARNING - Рейтинги отсутствуют для команд 91 или 40
2025-03-27 01:02:16,152 - Analyzer - WARNING - Нет данных о матчах для расчета рейтингов
2025-03-27 01:02:16,153 - Analyzer - WARNING - Рейтинги отсутствуют для команд 16 или 175
2025-03-27 01:02:16,154 - Analyzer - WARNING - Нет данных о матчах для расчета рейтингов
2025-03-27 01:02:16,154 - Analyzer - WARNING - Рейтинги отсутствуют для команд 7 или 98
2025-03-27 01:02:16,155 - Analyzer - WARNING - Нет данных о матчах для расчета рейтингов
2025-03-27 01:02:16,155 - Analyzer - WARNING - Рейтинги отсутствуют для команд 6 или 91
2025-03-27 01:02:16,155 - Analyzer - WARNING - Нет данных о матчах для расчета рейтингов
2025-03-27 01:02:16,156 - Analyzer - WARNING - Рейтинги отсутствуют для команд 175 или 129
2025-03-27 01:02:16,157 - Analyzer - WARNING - Нет данных о матчах для расчета рейтингов
2025-03-27 01:02:16,157 - Analyzer - WARNING - Рейтинги отсутствуют для команд 112 или 95
2025-03-27 01:02:16,158 - Analyzer - WARNING - Нет данных о матчах для расчета рейтингов
2025-03-27 01:02:16,158 - Analyzer - WARNING - Рейтинги отсутствуют для команд 81 или 1635
2025-03-27 01:02:16,159 - Analyzer - WARNING - Нет данных о матчах для расчета рейтингов
2025-03-27 01:02:16,159 - Analyzer - WARNING - Рейтинги отсутствуют для команд 87 или 199
2025-03-27 01:02:16,160 - Analyzer - WARNING - Нет данных о матчах для расчета рейтингов
2025-03-27 01:02:16,160 - Analyzer - WARNING - Рейтинги отсутствуют для команд 40 или 16
2025-03-27 01:02:16,160 - Analyzer - WARNING - Нет данных о матчах для расчета рейтингов
2025-03-27 01:02:16,161 - Analyzer - WARNING - Рейтинги отсутствуют для команд 104 или 80
2025-03-27 01:02:16,162 - Analyzer - WARNING - Нет данных о матчах для расчета рейтингов
2025-03-27 01:02:16,163 - Analyzer - WARNING - Рейтинги отсутствуют для команд 131 или 134
2025-03-27 01:02:16,163 - Analyzer - WARNING - Нет данных о матчах для расчета рейтингов
2025-03-27 01:02:16,164 - Analyzer - WARNING - Рейтинги отсутствуют для команд 81 или 87
2025-03-27 01:02:16,164 - Analyzer - WARNING - Нет данных о матчах для расчета рейтингов
2025-03-27 01:02:16,165 - Analyzer - WARNING - Рейтинги отсутствуют для команд 16 или 104
2025-03-27 01:02:16,165 - Analyzer - WARNING - Нет данных о матчах для расчета рейтингов
2025-03-27 01:02:16,166 - Analyzer - WARNING - Рейтинги отсутствуют для команд 1635 или 112
2025-03-27 01:02:16,167 - Analyzer - WARNING - Нет данных о матчах для расчета рейтингов
2025-03-27 01:02:16,167 - Analyzer - WARNING - Рейтинги отсутствуют для команд 95 или 7
2025-03-27 01:02:16,168 - Analyzer - WARNING - Нет данных о матчах для расчета рейтингов
2025-03-27 01:02:16,169 - Analyzer - WARNING - Рейтинги отсутствуют для команд 98 или 131
2025-03-27 01:02:16,169 - Analyzer - WARNING - Нет данных о матчах для расчета рейтингов
2025-03-27 01:02:16,170 - Analyzer - WARNING - Рейтинги отсутствуют для команд 134 или 6
2025-03-27 01:02:16,170 - Analyzer - WARNING - Нет данных о матчах для расчета рейтингов
2025-03-27 01:02:16,171 - Analyzer - WARNING - Рейтинги отсутствуют для команд 129 или 40
2025-03-27 01:02:16,171 - Analyzer - WARNING - Нет данных о матчах для расчета рейтингов
2025-03-27 01:02:16,172 - Analyzer - WARNING - Рейтинги отсутствуют для команд 80 или 91
2025-03-27 01:02:16,172 - Analyzer - WARNING - Нет данных о матчах для расчета рейтингов
2025-03-27 01:02:16,173 - Analyzer - WARNING - Рейтинги отсутствуют для команд 199 или 175
2025-03-27 01:02:16,173 - Analyzer - WARNING - Нет данных о матчах для расчета рейтингов
2025-03-27 01:02:16,174 - Analyzer - WARNING - Рейтинги отсутствуют для команд 6 или 16
2025-03-27 01:02:16,174 - Analyzer - WARNING - Нет данных о матчах для расчета рейтингов
2025-03-27 01:02:16,175 - Analyzer - WARNING - Рейтинги отсутствуют для команд 40 или 80
2025-03-27 01:02:16,175 - Analyzer - WARNING - Нет данных о матчах для расчета рейтингов
2025-03-27 01:02:16,176 - Analyzer - WARNING - Рейтинги отсутствуют для команд 91 или 129
2025-03-27 01:02:16,177 - Analyzer - WARNING - Нет данных о матчах для расчета рейтингов
2025-03-27 01:02:16,177 - Analyzer - WARNING - Рейтинги отсутствуют для команд 175 или 98
2025-03-27 01:02:16,178 - Analyzer - WARNING - Нет данных о матчах для расчета рейтингов
2025-03-27 01:02:16,178 - Analyzer - WARNING - Рейтинги отсутствуют для команд 131 или 95
2025-03-27 01:02:16,179 - Analyzer - WARNING - Нет данных о матчах для расчета рейтингов
2025-03-27 01:02:16,180 - Analyzer - WARNING - Рейтинги отсутствуют для команд 104 или 199
2025-03-27 01:02:16,180 - Analyzer - WARNING - Нет данных о матчах для расчета рейтингов
2025-03-27 01:02:16,180 - Analyzer - WARNING - Рейтинги отсутствуют для команд 7 или 1635
2025-03-27 01:02:16,181 - Analyzer - WARNING - Нет данных о матчах для расчета рейтингов
2025-03-27 01:02:16,181 - Analyzer - WARNING - Рейтинги отсутствуют для команд 112 или 81
2025-03-27 01:02:16,182 - Analyzer - WARNING - Нет данных о матчах для расчета рейтингов
2025-03-27 01:02:16,182 - Analyzer - WARNING - Рейтинги отсутствуют для команд 87 или 134
2025-03-27 01:02:16,183 - Analyzer - WARNING - Нет данных о матчах для расчета рейтингов
2025-03-27 01:02:16,183 - Analyzer - WARNING - Рейтинги отсутствуют для команд 80 или 112
2025-03-27 01:02:16,184 - Analyzer - WARNING - Нет данных о матчах для расчета рейтингов
2025-03-27 01:02:16,184 - Analyzer - WARNING - Рейтинги отсутствуют для команд 134 или 104
2025-03-27 01:02:16,185 - Analyzer - WARNING - Нет данных о матчах для расчета рейтингов
2025-03-27 01:02:16,185 - Analyzer - WARNING - Рейтинги отсутствуют для команд 81 или 7
2025-03-27 01:02:16,186 - Analyzer - WARNING - Нет данных о матчах для расчета рейтингов
2025-03-27 01:02:16,186 - Analyzer - WARNING - Рейтинги отсутствуют для команд 129 или 6
2025-03-27 01:02:16,187 - Analyzer - WARNING - Нет данных о матчах для расчета рейтингов
2025-03-27 01:02:16,187 - Analyzer - WARNING - Рейтинги отсутствуют для команд 98 или 40
2025-03-27 01:02:16,188 - Analyzer - WARNING - Нет данных о матчах для расчета рейтингов
2025-03-27 01:02:16,189 - Analyzer - WARNING - Рейтинги отсутствуют для команд 1635 или 87
2025-03-27 01:02:16,189 - Analyzer - WARNING - Нет данных о матчах для расчета рейтингов
2025-03-27 01:02:16,190 - Analyzer - WARNING - Рейтинги отсутствуют для команд 95 или 175
2025-03-27 01:02:16,190 - Analyzer - WARNING - Нет данных о матчах для расчета рейтингов
2025-03-27 01:02:16,191 - Analyzer - WARNING - Рейтинги отсутствуют для команд 16 или 91
2025-03-27 01:02:16,191 - Analyzer - WARNING - Нет данных о матчах для расчета рейтингов
2025-03-27 01:02:16,192 - Analyzer - WARNING - Рейтинги отсутствуют для команд 199 или 131
2025-03-27 01:02:16,192 - Analyzer - WARNING - Нет данных о матчах для расчета рейтингов
2025-03-27 01:02:16,193 - Analyzer - WARNING - Рейтинги отсутствуют для команд 40 или 95
2025-03-27 01:02:16,193 - Analyzer - WARNING - Нет данных о матчах для расчета рейтингов
2025-03-27 01:02:16,194 - Analyzer - WARNING - Рейтинги отсутствуют для команд 6 или 199
2025-03-27 01:02:16,194 - Analyzer - WARNING - Нет данных о матчах для расчета рейтингов
2025-03-27 01:02:16,195 - Analyzer - WARNING - Рейтинги отсутствуют для команд 16 или 129
2025-03-27 01:02:16,195 - Analyzer - WARNING - Нет данных о матчах для расчета рейтингов
2025-03-27 01:02:16,196 - Analyzer - WARNING - Рейтинги отсутствуют для команд 7 или 112
2025-03-27 01:02:16,196 - Analyzer - WARNING - Нет данных о матчах для расчета рейтингов
2025-03-27 01:02:16,196 - Analyzer - WARNING - Рейтинги отсутствуют для команд 175 или 1635
2025-03-27 01:02:16,197 - Analyzer - WARNING - Нет данных о матчах для расчета рейтингов
2025-03-27 01:02:16,197 - Analyzer - WARNING - Рейтинги отсутствуют для команд 131 или 80
2025-03-27 01:02:16,198 - Analyzer - WARNING - Нет данных о матчах для расчета рейтингов
2025-03-27 01:02:16,198 - Analyzer - WARNING - Рейтинги отсутствуют для команд 91 или 134
2025-03-27 01:02:16,198 - Analyzer - WARNING - Нет данных о матчах для расчета рейтингов
2025-03-27 01:02:16,199 - Analyzer - WARNING - Рейтинги отсутствуют для команд 104 или 81
2025-03-27 01:02:16,199 - Analyzer - WARNING - Нет данных о матчах для расчета рейтингов
2025-03-27 01:02:16,200 - Analyzer - WARNING - Рейтинги отсутствуют для команд 87 или 98
2025-03-27 01:02:16,200 - Analyzer - WARNING - Нет данных о матчах для расчета рейтингов
2025-03-27 01:02:16,201 - Analyzer - WARNING - Рейтинги отсутствуют для команд 98 или 104
2025-03-27 01:02:16,201 - Analyzer - WARNING - Нет данных о матчах для расчета рейтингов
2025-03-27 01:02:16,201 - Analyzer - WARNING - Рейтинги отсутствуют для команд 1635 или 131
2025-03-27 01:02:16,202 - Analyzer - WARNING - Нет данных о матчах для расчета рейтингов
2025-03-27 01:02:16,203 - Analyzer - WARNING - Рейтинги отсутствуют для команд 134 или 16
2025-03-27 01:02:16,203 - Analyzer - WARNING - Нет данных о матчах для расчета рейтингов
2025-03-27 01:02:16,203 - Analyzer - WARNING - Рейтинги отсутствуют для команд 112 или 87
2025-03-27 01:02:16,204 - Analyzer - WARNING - Нет данных о матчах для расчета рейтингов
2025-03-27 01:02:16,204 - Analyzer - WARNING - Рейтинги отсутствуют для команд 95 или 129
2025-03-27 01:02:16,205 - Analyzer - WARNING - Нет данных о матчах для расчета рейтингов
2025-03-27 01:02:16,205 - Analyzer - WARNING - Рейтинги отсутствуют для команд 80 или 6
2025-03-27 01:02:16,205 - Analyzer - WARNING - Нет данных о матчах для расчета рейтингов
2025-03-27 01:02:16,206 - Analyzer - WARNING - Рейтинги отсутствуют для команд 7 или 40
2025-03-27 01:02:16,206 - Analyzer - WARNING - Нет данных о матчах для расчета рейтингов
2025-03-27 01:02:16,207 - Analyzer - WARNING - Рейтинги отсутствуют для команд 81 или 175
2025-03-27 01:02:16,207 - Analyzer - WARNING - Нет данных о матчах для расчета рейтингов
2025-03-27 01:02:16,207 - Analyzer - WARNING - Рейтинги отсутствуют для команд 199 или 91
2025-03-27 01:02:16,208 - Analyzer - WARNING - Нет данных о матчах для расчета рейтингов
2025-03-27 01:02:16,208 - Analyzer - WARNING - Рейтинги отсутствуют для команд 16 или 80
2025-03-27 01:02:16,209 - Analyzer - WARNING - Нет данных о матчах для расчета рейтингов
2025-03-27 01:02:16,209 - Analyzer - WARNING - Рейтинги отсутствуют для команд 6 или 98
2025-03-27 01:02:16,209 - Analyzer - WARNING - Нет данных о матчах для расчета рейтингов
2025-03-27 01:02:16,209 - Analyzer - WARNING - Рейтинги отсутствуют для команд 40 или 199
2025-03-27 01:02:16,210 - Analyzer - WARNING - Нет данных о матчах для расчета рейтингов
2025-03-27 01:02:16,210 - Analyzer - WARNING - Рейтинги отсутствуют для команд 91 или 95
2025-03-27 01:02:16,210 - Analyzer - WARNING - Нет данных о матчах для расчета рейтингов
2025-03-27 01:02:16,211 - Analyzer - WARNING - Рейтинги отсутствуют для команд 129 или 134
2025-03-27 01:02:16,211 - Analyzer - WARNING - Нет данных о матчах для расчета рейтингов
2025-03-27 01:02:16,212 - Analyzer - WARNING - Рейтинги отсутствуют для команд 104 или 1635
2025-03-27 01:02:16,212 - Analyzer - WARNING - Нет данных о матчах для расчета рейтингов
2025-03-27 01:02:16,213 - Analyzer - WARNING - Рейтинги отсутствуют для команд 87 или 7
2025-03-27 01:02:16,213 - Analyzer - WARNING - Нет данных о матчах для расчета рейтингов
2025-03-27 01:02:16,213 - Analyzer - WARNING - Рейтинги отсутствуют для команд 131 или 81
2025-03-27 01:02:16,214 - Analyzer - WARNING - Нет данных о матчах для расчета рейтингов
2025-03-27 01:02:16,214 - Analyzer - WARNING - Рейтинги отсутствуют для команд 175 или 112
2025-03-27 01:02:16,214 - Analyzer - WARNING - Нет данных о матчах для расчета рейтингов
2025-03-27 01:02:16,215 - Analyzer - WARNING - Рейтинги отсутствуют для команд 112 или 131
2025-03-27 01:02:16,215 - Analyzer - WARNING - Нет данных о матчах для расчета рейтингов
2025-03-27 01:02:16,215 - Analyzer - WARNING - Рейтинги отсутствуют для команд 95 или 6
2025-03-27 01:02:16,216 - Analyzer - WARNING - Нет данных о матчах для расчета рейтингов
2025-03-27 01:02:16,216 - Analyzer - WARNING - Рейтинги отсутствуют для команд 81 или 40
2025-03-27 01:02:16,217 - Analyzer - WARNING - Нет данных о матчах для расчета рейтингов
2025-03-27 01:02:16,217 - Analyzer - WARNING - Рейтинги отсутствуют для команд 87 или 104
2025-03-27 01:02:16,218 - Analyzer - WARNING - Нет данных о матчах для расчета рейтингов
2025-03-27 01:02:16,218 - Analyzer - WARNING - Рейтинги отсутствуют для команд 80 или 129
2025-03-27 01:02:16,219 - Analyzer - WARNING - Нет данных о матчах для расчета рейтингов
2025-03-27 01:02:16,219 - Analyzer - WARNING - Рейтинги отсутствуют для команд 98 или 134
2025-03-27 01:02:16,220 - Analyzer - WARNING - Нет данных о матчах для расчета рейтингов
2025-03-27 01:02:16,220 - Analyzer - WARNING - Рейтинги отсутствуют для команд 199 или 16
2025-03-27 01:02:16,221 - Analyzer - WARNING - Нет данных о матчах для расчета рейтингов
2025-03-27 01:02:16,221 - Analyzer - WARNING - Рейтинги отсутствуют для команд 7 или 175
2025-03-27 01:02:16,222 - Analyzer - WARNING - Нет данных о матчах для расчета рейтингов
2025-03-27 01:02:16,222 - Analyzer - WARNING - Рейтинги отсутствуют для команд 1635 или 91
2025-03-27 01:02:16,222 - Analyzer - WARNING - Нет данных о матчах для расчета рейтингов
2025-03-27 01:02:16,223 - Analyzer - WARNING - Рейтинги отсутствуют для команд 40 или 1635
2025-03-27 01:02:16,223 - Analyzer - WARNING - Нет данных о матчах для расчета рейтингов
2025-03-27 01:02:16,223 - Analyzer - WARNING - Рейтинги отсутствуют для команд 16 или 98
2025-03-27 01:02:16,224 - Analyzer - WARNING - Нет данных о матчах для расчета рейтингов
2025-03-27 01:02:16,224 - Analyzer - WARNING - Рейтинги отсутствуют для команд 91 или 81
2025-03-27 01:02:16,224 - Analyzer - WARNING - Нет данных о матчах для расчета рейтингов
2025-03-27 01:02:16,225 - Analyzer - WARNING - Рейтинги отсутствуют для команд 175 или 87
2025-03-27 01:02:16,225 - Analyzer - WARNING - Нет данных о матчах для расчета рейтингов
2025-03-27 01:02:16,225 - Analyzer - WARNING - Рейтинги отсутствуют для команд 134 или 80
2025-03-27 01:02:16,226 - Analyzer - WARNING - Нет данных о матчах для расчета рейтингов
2025-03-27 01:02:16,226 - Analyzer - WARNING - Рейтинги отсутствуют для команд 104 или 95
2025-03-27 01:02:16,226 - Analyzer - WARNING - Нет данных о матчах для расчета рейтингов
2025-03-27 01:02:16,226 - Analyzer - WARNING - Рейтинги отсутствуют для команд 6 или 112
2025-03-27 01:02:16,227 - Analyzer - WARNING - Нет данных о матчах для расчета рейтингов
2025-03-27 01:02:16,227 - Analyzer - WARNING - Рейтинги отсутствуют для команд 129 или 199
2025-03-27 01:02:16,228 - Analyzer - WARNING - Нет данных о матчах для расчета рейтингов
2025-03-27 01:02:16,228 - Analyzer - WARNING - Рейтинги отсутствуют для команд 131 или 7
2025-03-27 01:02:16,228 - Analyzer - WARNING - Нет данных о матчах для расчета рейтингов
2025-03-27 01:02:16,229 - Analyzer - WARNING - Рейтинги отсутствуют для команд 7 или 6
2025-03-27 01:02:16,229 - Analyzer - WARNING - Нет данных о матчах для расчета рейтингов
2025-03-27 01:02:16,230 - Analyzer - WARNING - Рейтинги отсутствуют для команд 175 или 131
2025-03-27 01:02:16,230 - Analyzer - WARNING - Нет данных о матчах для расчета рейтингов
2025-03-27 01:02:16,230 - Analyzer - WARNING - Рейтинги отсутствуют для команд 199 или 80
2025-03-27 01:02:16,231 - Analyzer - WARNING - Нет данных о матчах для расчета рейтингов
2025-03-27 01:02:16,231 - Analyzer - WARNING - Рейтинги отсутствуют для команд 112 или 104
2025-03-27 01:02:16,232 - Analyzer - WARNING - Нет данных о матчах для расчета рейтингов
2025-03-27 01:02:16,232 - Analyzer - WARNING - Рейтинги отсутствуют для команд 81 или 129
2025-03-27 01:02:16,233 - Analyzer - WARNING - Нет данных о матчах для расчета рейтингов
2025-03-27 01:02:16,233 - Analyzer - WARNING - Рейтинги отсутствуют для команд 98 или 91
2025-03-27 01:02:16,234 - Analyzer - WARNING - Нет данных о матчах для расчета рейтингов
2025-03-27 01:02:16,234 - Analyzer - WARNING - Рейтинги отсутствуют для команд 87 или 40
2025-03-27 01:02:16,235 - Analyzer - WARNING - Нет данных о матчах для расчета рейтингов
2025-03-27 01:02:16,235 - Analyzer - WARNING - Рейтинги отсутствуют для команд 1635 или 134
2025-03-27 01:02:16,236 - Analyzer - WARNING - Нет данных о матчах для расчета рейтингов
2025-03-27 01:02:16,237 - Analyzer - WARNING - Рейтинги отсутствуют для команд 95 или 16
2025-03-27 01:02:16,237 - Analyzer - WARNING - Нет данных о матчах для расчета рейтингов
2025-03-27 01:02:16,238 - Analyzer - WARNING - Рейтинги отсутствуют для команд 104 или 7
2025-03-27 01:02:16,238 - Analyzer - WARNING - Нет данных о матчах для расчета рейтингов
2025-03-27 01:02:16,238 - Analyzer - WARNING - Рейтинги отсутствуют для команд 6 или 81
2025-03-27 01:02:16,239 - Analyzer - WARNING - Нет данных о матчах для расчета рейтингов
2025-03-27 01:02:16,239 - Analyzer - WARNING - Рейтинги отсутствуют для команд 91 или 112
2025-03-27 01:02:16,240 - Analyzer - WARNING - Нет данных о матчах для расчета рейтингов
2025-03-27 01:02:16,240 - Analyzer - WARNING - Рейтинги отсутствуют для команд 131 или 87
2025-03-27 01:02:16,240 - Analyzer - WARNING - Нет данных о матчах для расчета рейтингов
2025-03-27 01:02:16,241 - Analyzer - WARNING - Рейтинги отсутствуют для команд 129 или 98
2025-03-27 01:02:16,241 - Analyzer - WARNING - Нет данных о матчах для расчета рейтингов
2025-03-27 01:02:16,242 - Analyzer - WARNING - Рейтинги отсутствуют для команд 16 или 1635
2025-03-27 01:02:16,242 - Analyzer - WARNING - Нет данных о матчах для расчета рейтингов
2025-03-27 01:02:16,242 - Analyzer - WARNING - Рейтинги отсутствуют для команд 40 или 175
2025-03-27 01:02:16,243 - Analyzer - WARNING - Нет данных о матчах для расчета рейтингов
2025-03-27 01:02:16,243 - Analyzer - WARNING - Рейтинги отсутствуют для команд 134 или 199
2025-03-27 01:02:16,244 - Analyzer - WARNING - Нет данных о матчах для расчета рейтингов
2025-03-27 01:02:16,244 - Analyzer - WARNING - Рейтинги отсутствуют для команд 80 или 95
2025-03-27 01:02:16,245 - Analyzer - WARNING - Нет данных о матчах для расчета рейтингов
2025-03-27 01:02:16,245 - Analyzer - WARNING - Рейтинги отсутствуют для команд 91 или 7
2025-03-27 01:02:16,246 - Analyzer - WARNING - Нет данных о матчах для расчета рейтингов
2025-03-27 01:02:16,246 - Analyzer - WARNING - Рейтинги отсутствуют для команд 16 или 112
2025-03-27 01:02:16,246 - Analyzer - WARNING - Нет данных о матчах для расчета рейтингов
2025-03-27 01:02:16,247 - Analyzer - WARNING - Рейтинги отсутствуют для команд 40 или 131
2025-03-27 01:02:16,247 - Analyzer - WARNING - Нет данных о матчах для расчета рейтингов
2025-03-27 01:02:16,247 - Analyzer - WARNING - Рейтинги отсутствуют для команд 199 или 98
2025-03-27 01:02:16,248 - Analyzer - WARNING - Нет данных о матчах для расчета рейтингов
2025-03-27 01:02:16,248 - Analyzer - WARNING - Рейтинги отсутствуют для команд 129 или 1635
2025-03-27 01:02:16,249 - Analyzer - WARNING - Нет данных о матчах для расчета рейтингов
2025-03-27 01:02:16,249 - Analyzer - WARNING - Рейтинги отсутствуют для команд 104 или 175
2025-03-27 01:02:16,249 - Analyzer - WARNING - Нет данных о матчах для расчета рейтингов
2025-03-27 01:02:16,250 - Analyzer - WARNING - Рейтинги отсутствуют для команд 6 или 87
2025-03-27 01:02:16,250 - Analyzer - WARNING - Нет данных о матчах для расчета рейтингов
2025-03-27 01:02:16,251 - Analyzer - WARNING - Рейтинги отсутствуют для команд 80 или 81
2025-03-27 01:02:16,251 - Analyzer - WARNING - Нет данных о матчах для расчета рейтингов
2025-03-27 01:02:16,252 - Analyzer - WARNING - Рейтинги отсутствуют для команд 134 или 95
2025-03-27 01:02:16,252 - Analyzer - WARNING - Нет данных о матчах для расчета рейтингов
2025-03-27 01:02:16,253 - Analyzer - WARNING - Рейтинги отсутствуют для команд 131 или 104
2025-03-27 01:02:16,253 - Analyzer - WARNING - Нет данных о матчах для расчета рейтингов
2025-03-27 01:02:16,253 - Analyzer - WARNING - Рейтинги отсутствуют для команд 1635 или 6
2025-03-27 01:02:16,254 - Analyzer - WARNING - Нет данных о матчах для расчета рейтингов
2025-03-27 01:02:16,254 - Analyzer - WARNING - Рейтинги отсутствуют для команд 7 или 134
2025-03-27 01:02:16,254 - Analyzer - WARNING - Нет данных о матчах для расчета рейтингов
2025-03-27 01:02:16,254 - Analyzer - WARNING - Рейтинги отсутствуют для команд 112 или 40
2025-03-27 01:02:16,255 - Analyzer - WARNING - Нет данных о матчах для расчета рейтингов
2025-03-27 01:02:16,255 - Analyzer - WARNING - Рейтинги отсутствуют для команд 95 или 199
2025-03-27 01:02:16,255 - Analyzer - WARNING - Нет данных о матчах для расчета рейтингов
2025-03-27 01:02:16,255 - Analyzer - WARNING - Рейтинги отсутствуют для команд 81 или 16
2025-03-27 01:02:16,256 - Analyzer - WARNING - Нет данных о матчах для расчета рейтингов
2025-03-27 01:02:16,256 - Analyzer - WARNING - Рейтинги отсутствуют для команд 87 или 129
2025-03-27 01:02:16,256 - Analyzer - WARNING - Нет данных о матчах для расчета рейтингов
2025-03-27 01:02:16,257 - Analyzer - WARNING - Рейтинги отсутствуют для команд 175 или 91
2025-03-27 01:02:16,257 - Analyzer - WARNING - Нет данных о матчах для расчета рейтингов
2025-03-27 01:02:16,257 - Analyzer - WARNING - Рейтинги отсутствуют для команд 98 или 80
2025-03-27 01:02:16,258 - Analyzer - WARNING - Нет данных о матчах для расчета рейтингов
2025-03-27 01:02:16,258 - Analyzer - WARNING - Рейтинги отсутствуют для команд 134 или 81
2025-03-27 01:02:16,258 - Analyzer - WARNING - Нет данных о матчах для расчета рейтингов
2025-03-27 01:02:16,258 - Analyzer - WARNING - Рейтинги отсутствуют для команд 16 или 87
2025-03-27 01:02:16,259 - Analyzer - WARNING - Нет данных о матчах для расчета рейтингов
2025-03-27 01:02:16,259 - Analyzer - WARNING - Рейтинги отсутствуют для команд 40 или 104
2025-03-27 01:02:16,259 - Analyzer - WARNING - Нет данных о матчах для расчета рейтингов
2025-03-27 01:02:16,260 - Analyzer - WARNING - Рейтинги отсутствуют для команд 199 или 7
2025-03-27 01:02:16,260 - Analyzer - WARNING - Нет данных о матчах для расчета рейтингов
2025-03-27 01:02:16,261 - Analyzer - WARNING - Рейтинги отсутствуют для команд 129 или 112
2025-03-27 01:02:16,261 - Analyzer - WARNING - Нет данных о матчах для расчета рейтингов
2025-03-27 01:02:16,262 - Analyzer - WARNING - Рейтинги отсутствуют для команд 98 или 95
2025-03-27 01:02:16,262 - Analyzer - WARNING - Нет данных о матчах для расчета рейтингов
2025-03-27 01:02:16,263 - Analyzer - WARNING - Рейтинги отсутствуют для команд 80 или 1635
2025-03-27 01:02:16,263 - Analyzer - WARNING - Нет данных о матчах для расчета рейтингов
2025-03-27 01:02:16,263 - Analyzer - WARNING - Рейтинги отсутствуют для команд 91 или 131
2025-03-27 01:02:16,264 - Analyzer - WARNING - Нет данных о матчах для расчета рейтингов
2025-03-27 01:02:16,264 - Analyzer - WARNING - Рейтинги отсутствуют для команд 6 или 175
2025-03-27 01:02:16,265 - Analyzer - WARNING - Нет данных о матчах для расчета рейтингов
2025-03-27 01:02:16,265 - Analyzer - WARNING - Рейтинги отсутствуют для команд 40 или 134
2025-03-27 01:02:16,265 - Analyzer - WARNING - Нет данных о матчах для расчета рейтингов
2025-03-27 01:02:16,266 - Analyzer - WARNING - Рейтинги отсутствуют для команд 7 или 16
2025-03-27 01:02:16,266 - Analyzer - WARNING - Нет данных о матчах для расчета рейтингов
2025-03-27 01:02:16,267 - Analyzer - WARNING - Рейтинги отсутствуют для команд 175 или 80
2025-03-27 01:02:16,267 - Analyzer - WARNING - Нет данных о матчах для расчета рейтингов
2025-03-27 01:02:16,268 - Analyzer - WARNING - Рейтинги отсутствуют для команд 112 или 199
2025-03-27 01:02:16,268 - Analyzer - WARNING - Нет данных о матчах для расчета рейтингов
2025-03-27 01:02:16,268 - Analyzer - WARNING - Рейтинги отсутствуют для команд 131 или 6
2025-03-27 01:02:16,269 - Analyzer - WARNING - Нет данных о матчах для расчета рейтингов
2025-03-27 01:02:16,269 - Analyzer - WARNING - Рейтинги отсутствуют для команд 81 или 95
2025-03-27 01:02:16,270 - Analyzer - WARNING - Нет данных о матчах для расчета рейтингов
2025-03-27 01:02:16,270 - Analyzer - WARNING - Рейтинги отсутствуют для команд 87 или 91
2025-03-27 01:02:16,270 - Analyzer - WARNING - Нет данных о матчах для расчета рейтингов
2025-03-27 01:02:16,270 - Analyzer - WARNING - Рейтинги отсутствуют для команд 104 или 129
2025-03-27 01:02:16,271 - Analyzer - WARNING - Нет данных о матчах для расчета рейтингов
2025-03-27 01:02:16,271 - Analyzer - WARNING - Рейтинги отсутствуют для команд 1635 или 98
2025-03-27 01:02:16,271 - Analyzer - WARNING - Нет данных о матчах для расчета рейтингов
2025-03-27 01:02:16,272 - Analyzer - WARNING - Рейтинги отсутствуют для команд 95 или 1635
2025-03-27 01:02:16,272 - Analyzer - WARNING - Нет данных о матчах для расчета рейтингов
2025-03-27 01:02:16,272 - Analyzer - WARNING - Рейтинги отсутствуют для команд 16 или 131
2025-03-27 01:02:16,273 - Analyzer - WARNING - Нет данных о матчах для расчета рейтингов
2025-03-27 01:02:16,273 - Analyzer - WARNING - Рейтинги отсутствуют для команд 80 или 87
2025-03-27 01:02:16,273 - Analyzer - WARNING - Нет данных о матчах для расчета рейтингов
2025-03-27 01:02:16,273 - Analyzer - WARNING - Рейтинги отсутствуют для команд 129 или 7
2025-03-27 01:02:16,274 - Analyzer - WARNING - Нет данных о матчах для расчета рейтингов
2025-03-27 01:02:16,274 - Analyzer - WARNING - Рейтинги отсутствуют для команд 98 или 112
2025-03-27 01:02:16,274 - Analyzer - WARNING - Нет данных о матчах для расчета рейтингов
2025-03-27 01:02:16,274 - Analyzer - WARNING - Рейтинги отсутствуют для команд 6 или 40
2025-03-27 01:02:16,275 - Analyzer - WARNING - Нет данных о матчах для расчета рейтингов
2025-03-27 01:02:16,275 - Analyzer - WARNING - Рейтинги отсутствуют для команд 134 или 175
2025-03-27 01:02:16,275 - Analyzer - WARNING - Нет данных о матчах для расчета рейтингов
2025-03-27 01:02:16,275 - Analyzer - WARNING - Рейтинги отсутствуют для команд 91 или 104
2025-03-27 01:02:16,276 - Analyzer - WARNING - Нет данных о матчах для расчета рейтингов
2025-03-27 01:02:16,276 - Analyzer - WARNING - Рейтинги отсутствуют для команд 199 или 81
2025-03-27 01:02:16,276 - Analyzer - WARNING - Нет данных о матчах для расчета рейтингов
2025-03-27 01:02:16,277 - Analyzer - WARNING - Рейтинги отсутствуют для команд 112 или 134
2025-03-27 01:02:16,277 - Analyzer - WARNING - Нет данных о матчах для расчета рейтингов
2025-03-27 01:02:16,277 - Analyzer - WARNING - Рейтинги отсутствуют для команд 131 или 129
2025-03-27 01:02:16,278 - Analyzer - WARNING - Нет данных о матчах для расчета рейтингов
2025-03-27 01:02:16,278 - Analyzer - WARNING - Рейтинги отсутствуют для команд 81 или 98
2025-03-27 01:02:16,278 - Analyzer - WARNING - Нет данных о матчах для расчета рейтингов
2025-03-27 01:02:16,279 - Analyzer - WARNING - Рейтинги отсутствуют для команд 87 или 95
2025-03-27 01:02:16,279 - Analyzer - WARNING - Нет данных о матчах для расчета рейтингов
2025-03-27 01:02:16,279 - Analyzer - WARNING - Рейтинги отсутствуют для команд 104 или 6
2025-03-27 01:02:16,280 - Analyzer - WARNING - Нет данных о матчах для расчета рейтингов
2025-03-27 01:02:16,280 - Analyzer - WARNING - Рейтинги отсутствуют для команд 7 или 80
2025-03-27 01:02:16,280 - Analyzer - WARNING - Нет данных о матчах для расчета рейтингов
2025-03-27 01:02:16,280 - Analyzer - WARNING - Рейтинги отсутствуют для команд 1635 или 199
2025-03-27 01:02:16,281 - Analyzer - WARNING - Нет данных о матчах для расчета рейтингов
2025-03-27 01:02:16,281 - Analyzer - WARNING - Рейтинги отсутствуют для команд 40 или 91
2025-03-27 01:02:16,281 - Analyzer - WARNING - Нет данных о матчах для расчета рейтингов
2025-03-27 01:02:16,282 - Analyzer - WARNING - Рейтинги отсутствуют для команд 175 или 16
2025-03-27 01:02:16,282 - Analyzer - WARNING - Нет данных о матчах для расчета рейтингов
2025-03-27 01:02:16,282 - Analyzer - WARNING - Рейтинги отсутствуют для команд 16 или 40
2025-03-27 01:02:16,283 - Analyzer - WARNING - Нет данных о матчах для расчета рейтингов
2025-03-27 01:02:16,283 - Analyzer - WARNING - Рейтинги отсутствуют для команд 1635 или 81
2025-03-27 01:02:16,284 - Analyzer - WARNING - Нет данных о матчах для расчета рейтингов
2025-03-27 01:02:16,284 - Analyzer - WARNING - Рейтинги отсутствуют для команд 199 или 87
2025-03-27 01:02:16,284 - Analyzer - WARNING - Нет данных о матчах для расчета рейтингов
2025-03-27 01:02:16,285 - Analyzer - WARNING - Рейтинги отсутствуют для команд 134 или 131
2025-03-27 01:02:16,285 - Analyzer - WARNING - Нет данных о матчах для расчета рейтингов
2025-03-27 01:02:16,285 - Analyzer - WARNING - Рейтинги отсутствуют для команд 129 или 175
2025-03-27 01:02:16,286 - Analyzer - WARNING - Нет данных о матчах для расчета рейтингов
2025-03-27 01:02:16,286 - Analyzer - WARNING - Рейтинги отсутствуют для команд 98 или 7
2025-03-27 01:02:16,286 - Analyzer - WARNING - Нет данных о матчах для расчета рейтингов
2025-03-27 01:02:16,287 - Analyzer - WARNING - Рейтинги отсутствуют для команд 91 или 6
2025-03-27 01:02:16,287 - Analyzer - WARNING - Нет данных о матчах для расчета рейтингов
2025-03-27 01:02:16,287 - Analyzer - WARNING - Рейтинги отсутствуют для команд 80 или 104
2025-03-27 01:02:16,288 - Analyzer - WARNING - Нет данных о матчах для расчета рейтингов
2025-03-27 01:02:16,288 - Analyzer - WARNING - Рейтинги отсутствуют для команд 95 или 112
2025-03-27 01:02:16,288 - Analyzer - WARNING - Нет данных о матчах для расчета рейтингов
2025-03-27 01:02:16,288 - Analyzer - WARNING - Рейтинги отсутствуют для команд 87 или 81
2025-03-27 01:02:16,289 - Analyzer - WARNING - Нет данных о матчах для расчета рейтингов
2025-03-27 01:02:16,289 - Analyzer - WARNING - Рейтинги отсутствуют для команд 6 или 134
2025-03-27 01:02:16,289 - Analyzer - WARNING - Нет данных о матчах для расчета рейтингов
2025-03-27 01:02:16,289 - Analyzer - WARNING - Рейтинги отсутствуют для команд 40 или 129
2025-03-27 01:02:16,290 - Analyzer - WARNING - Нет данных о матчах для расчета рейтингов
2025-03-27 01:02:16,290 - Analyzer - WARNING - Рейтинги отсутствуют для команд 7 или 95
2025-03-27 01:02:16,290 - Analyzer - WARNING - Нет данных о матчах для расчета рейтингов
2025-03-27 01:02:16,291 - Analyzer - WARNING - Рейтинги отсутствуют для команд 131 или 98
2025-03-27 01:02:16,291 - Analyzer - WARNING - Нет данных о матчах для расчета рейтингов
2025-03-27 01:02:16,291 - Analyzer - WARNING - Рейтинги отсутствуют для команд 104 или 16
2025-03-27 01:02:16,291 - Analyzer - WARNING - Нет данных о матчах для расчета рейтингов
2025-03-27 01:02:16,292 - Analyzer - WARNING - Рейтинги отсутствуют для команд 112 или 1635
2025-03-27 01:02:16,292 - Analyzer - WARNING - Нет данных о матчах для расчета рейтингов
2025-03-27 01:02:16,292 - Analyzer - WARNING - Рейтинги отсутствуют для команд 91 или 80
2025-03-27 01:02:16,293 - Analyzer - WARNING - Нет данных о матчах для расчета рейтингов
2025-03-27 01:02:16,293 - Analyzer - WARNING - Рейтинги отсутствуют для команд 175 или 199
2025-03-27 01:02:16,293 - Analyzer - WARNING - Нет данных о матчах для расчета рейтингов
2025-03-27 01:02:16,293 - Analyzer - WARNING - Рейтинги отсутствуют для команд 98 или 175
2025-03-27 01:02:16,294 - Analyzer - WARNING - Нет данных о матчах для расчета рейтингов
2025-03-27 01:02:16,294 - Analyzer - WARNING - Рейтинги отсутствуют для команд 134 или 87
2025-03-27 01:02:16,295 - Analyzer - WARNING - Нет данных о матчах для расчета рейтингов
2025-03-27 01:02:16,297 - Analyzer - WARNING - Рейтинги отсутствуют для команд 95 или 131
2025-03-27 01:02:16,297 - Analyzer - WARNING - Нет данных о матчах для расчета рейтингов
2025-03-27 01:02:16,298 - Analyzer - WARNING - Рейтинги отсутствуют для команд 81 или 112
2025-03-27 01:02:16,298 - Analyzer - WARNING - Нет данных о матчах для расчета рейтингов
2025-03-27 01:02:16,299 - Analyzer - WARNING - Рейтинги отсутствуют для команд 80 или 40
2025-03-27 01:02:16,300 - Analyzer - WARNING - Нет данных о матчах для расчета рейтингов
2025-03-27 01:02:16,300 - Analyzer - WARNING - Рейтинги отсутствуют для команд 1635 или 7
2025-03-27 01:02:16,301 - Analyzer - WARNING - Нет данных о матчах для расчета рейтингов
2025-03-27 01:02:16,301 - Analyzer - WARNING - Рейтинги отсутствуют для команд 129 или 91
2025-03-27 01:02:16,302 - Analyzer - WARNING - Нет данных о матчах для расчета рейтингов
2025-03-27 01:02:16,302 - Analyzer - WARNING - Рейтинги отсутствуют для команд 199 или 104
2025-03-27 01:02:16,302 - Analyzer - WARNING - Нет данных о матчах для расчета рейтингов
2025-03-27 01:02:16,303 - Analyzer - WARNING - Рейтинги отсутствуют для команд 16 или 6
2025-03-27 01:02:16,303 - Analyzer - WARNING - Нет данных о матчах для расчета рейтингов
2025-03-27 01:02:16,304 - Analyzer - WARNING - Рейтинги отсутствуют для команд 6 или 129
2025-03-27 01:02:16,304 - Analyzer - WARNING - Нет данных о матчах для расчета рейтингов
2025-03-27 01:02:16,304 - Analyzer - WARNING - Рейтинги отсутствуют для команд 40 или 98
2025-03-27 01:02:16,305 - Analyzer - WARNING - Нет данных о матчах для расчета рейтингов
2025-03-27 01:02:16,305 - Analyzer - WARNING - Рейтинги отсутствуют для команд 175 или 95
2025-03-27 01:02:16,305 - Analyzer - WARNING - Нет данных о матчах для расчета рейтингов
2025-03-27 01:02:16,306 - Analyzer - WARNING - Рейтинги отсутствуют для команд 131 или 199
2025-03-27 01:02:16,306 - Analyzer - WARNING - Нет данных о матчах для расчета рейтингов
2025-03-27 01:02:16,306 - Analyzer - WARNING - Рейтинги отсутствуют для команд 87 или 1635
2025-03-27 01:02:16,307 - Analyzer - WARNING - Нет данных о матчах для расчета рейтингов
2025-03-27 01:02:16,307 - Analyzer - WARNING - Рейтинги отсутствуют для команд 104 или 134
2025-03-27 01:02:16,307 - Analyzer - WARNING - Нет данных о матчах для расчета рейтингов
2025-03-27 01:02:16,308 - Analyzer - WARNING - Рейтинги отсутствуют для команд 91 или 16
2025-03-27 01:02:16,308 - Analyzer - WARNING - Нет данных о матчах для расчета рейтингов
2025-03-27 01:02:16,308 - Analyzer - WARNING - Рейтинги отсутствуют для команд 112 или 80
2025-03-27 01:02:16,309 - Analyzer - WARNING - Нет данных о матчах для расчета рейтингов
2025-03-27 01:02:16,309 - Analyzer - WARNING - Рейтинги отсутствуют для команд 7 или 81
2025-03-27 01:02:16,310 - Analyzer - WARNING - Нет данных о матчах для расчета рейтингов
2025-03-27 01:02:16,310 - Analyzer - WARNING - Рейтинги отсутствуют для команд 95 или 40
2025-03-27 01:02:16,311 - Analyzer - WARNING - Нет данных о матчах для расчета рейтингов
2025-03-27 01:02:16,311 - Analyzer - WARNING - Рейтинги отсутствуют для команд 1635 или 175
2025-03-27 01:02:16,312 - Analyzer - WARNING - Нет данных о матчах для расчета рейтингов
2025-03-27 01:02:16,312 - Analyzer - WARNING - Рейтинги отсутствуют для команд 199 или 6
2025-03-27 01:02:16,312 - Analyzer - WARNING - Нет данных о матчах для расчета рейтингов
2025-03-27 01:02:16,313 - Analyzer - WARNING - Рейтинги отсутствуют для команд 112 или 7
2025-03-27 01:02:16,313 - Analyzer - WARNING - Нет данных о матчах для расчета рейтингов
2025-03-27 01:02:16,313 - Analyzer - WARNING - Рейтинги отсутствуют для команд 81 или 104
2025-03-27 01:02:16,314 - Analyzer - WARNING - Нет данных о матчах для расчета рейтингов
2025-03-27 01:02:16,314 - Analyzer - WARNING - Рейтинги отсутствуют для команд 129 или 16
2025-03-27 01:02:16,314 - Analyzer - WARNING - Нет данных о матчах для расчета рейтингов
2025-03-27 01:02:16,315 - Analyzer - WARNING - Рейтинги отсутствуют для команд 134 или 91
2025-03-27 01:02:16,315 - Analyzer - WARNING - Нет данных о матчах для расчета рейтингов
2025-03-27 01:02:16,315 - Analyzer - WARNING - Рейтинги отсутствуют для команд 98 или 87
2025-03-27 01:02:16,316 - Analyzer - WARNING - Нет данных о матчах для расчета рейтингов
2025-03-27 01:02:16,316 - Analyzer - WARNING - Рейтинги отсутствуют для команд 80 или 131
2025-03-27 01:02:16,317 - Analyzer - WARNING - Нет данных о матчах для расчета рейтингов
2025-03-27 01:02:16,317 - Analyzer - WARNING - Рейтинги отсутствуют для команд 131 или 1635
2025-03-27 01:02:16,318 - Analyzer - WARNING - Нет данных о матчах для расчета рейтингов
2025-03-27 01:02:16,318 - Analyzer - WARNING - Рейтинги отсутствуют для команд 6 или 80
2025-03-27 01:02:16,319 - Analyzer - WARNING - Нет данных о матчах для расчета рейтингов
2025-03-27 01:02:16,319 - Analyzer - WARNING - Рейтинги отсутствуют для команд 175 или 81
2025-03-27 01:02:16,320 - Analyzer - WARNING - Нет данных о матчах для расчета рейтингов
2025-03-27 01:02:16,320 - Analyzer - WARNING - Рейтинги отсутствуют для команд 87 или 112
2025-03-27 01:02:16,320 - Analyzer - WARNING - Нет данных о матчах для расчета рейтингов
2025-03-27 01:02:16,321 - Analyzer - WARNING - Рейтинги отсутствуют для команд 129 или 95
2025-03-27 01:02:16,321 - Analyzer - WARNING - Нет данных о матчах для расчета рейтингов
2025-03-27 01:02:16,321 - Analyzer - WARNING - Рейтинги отсутствуют для команд 104 или 98
2025-03-27 01:02:16,321 - Analyzer - WARNING - Нет данных о матчах для расчета рейтингов
2025-03-27 01:02:16,322 - Analyzer - WARNING - Рейтинги отсутствуют для команд 40 или 7
2025-03-27 01:02:16,322 - Analyzer - WARNING - Нет данных о матчах для расчета рейтингов
2025-03-27 01:02:16,322 - Analyzer - WARNING - Рейтинги отсутствуют для команд 16 или 134
2025-03-27 01:02:16,323 - Analyzer - WARNING - Нет данных о матчах для расчета рейтингов
2025-03-27 01:02:16,323 - Analyzer - WARNING - Рейтинги отсутствуют для команд 91 или 199
2025-03-27 01:02:16,324 - Analyzer - WARNING - Нет данных о матчах для расчета рейтингов
2025-03-27 01:02:16,324 - Analyzer - WARNING - Рейтинги отсутствуют для команд 1635 или 104
2025-03-27 01:02:16,324 - Analyzer - WARNING - Нет данных о матчах для расчета рейтингов
2025-03-27 01:02:16,325 - Analyzer - WARNING - Рейтинги отсутствуют для команд 199 или 40
2025-03-27 01:02:16,325 - Analyzer - WARNING - Нет данных о матчах для расчета рейтингов
2025-03-27 01:02:16,325 - Analyzer - WARNING - Рейтинги отсутствуют для команд 134 или 129
2025-03-27 01:02:16,326 - Analyzer - WARNING - Нет данных о матчах для расчета рейтингов
2025-03-27 01:02:16,326 - Analyzer - WARNING - Рейтинги отсутствуют для команд 112 или 175
2025-03-27 01:02:16,327 - Analyzer - WARNING - Нет данных о матчах для расчета рейтингов
2025-03-27 01:02:16,327 - Analyzer - WARNING - Рейтинги отсутствуют для команд 81 или 131
2025-03-27 01:02:16,327 - Analyzer - WARNING - Нет данных о матчах для расчета рейтингов
2025-03-27 01:02:16,327 - Analyzer - WARNING - Рейтинги отсутствуют для команд 80 или 16
2025-03-27 01:02:16,328 - Analyzer - WARNING - Нет данных о матчах для расчета рейтингов
2025-03-27 01:02:16,328 - Analyzer - WARNING - Рейтинги отсутствуют для команд 95 или 91
2025-03-27 01:02:16,329 - Analyzer - WARNING - Нет данных о матчах для расчета рейтингов
2025-03-27 01:02:16,329 - Analyzer - WARNING - Рейтинги отсутствуют для команд 7 или 87
2025-03-27 01:02:16,329 - Analyzer - WARNING - Нет данных о матчах для расчета рейтингов
2025-03-27 01:02:16,329 - Analyzer - WARNING - Рейтинги отсутствуют для команд 98 или 6
2025-03-27 01:02:16,330 - Analyzer - WARNING - Нет данных о матчах для расчета рейтингов
2025-03-27 01:02:16,330 - Analyzer - WARNING - Рейтинги отсутствуют для команд 16 или 199
2025-03-27 01:02:16,330 - Analyzer - WARNING - Нет данных о матчах для расчета рейтингов
2025-03-27 01:02:16,331 - Analyzer - WARNING - Рейтинги отсутствуют для команд 6 или 95
2025-03-27 01:02:16,331 - Analyzer - WARNING - Нет данных о матчах для расчета рейтингов
2025-03-27 01:02:16,331 - Analyzer - WARNING - Рейтинги отсутствуют для команд 40 или 81
2025-03-27 01:02:16,331 - Analyzer - WARNING - Нет данных о матчах для расчета рейтингов
2025-03-27 01:02:16,332 - Analyzer - WARNING - Рейтинги отсутствуют для команд 175 или 7
2025-03-27 01:02:16,332 - Analyzer - WARNING - Нет данных о матчах для расчета рейтингов
2025-03-27 01:02:16,332 - Analyzer - WARNING - Рейтинги отсутствуют для команд 131 или 112
2025-03-27 01:02:16,333 - Analyzer - WARNING - Нет данных о матчах для расчета рейтингов
2025-03-27 01:02:16,333 - Analyzer - WARNING - Рейтинги отсутствуют для команд 104 или 87
2025-03-27 01:02:16,334 - Analyzer - WARNING - Нет данных о матчах для расчета рейтингов
2025-03-27 01:02:16,334 - Analyzer - WARNING - Рейтинги отсутствуют для команд 91 или 1635
2025-03-27 01:02:16,335 - Analyzer - WARNING - Нет данных о матчах для расчета рейтингов
2025-03-27 01:02:16,335 - Analyzer - WARNING - Рейтинги отсутствуют для команд 129 или 80
2025-03-27 01:02:16,336 - Analyzer - WARNING - Нет данных о матчах для расчета рейтингов
2025-03-27 01:02:16,336 - Analyzer - WARNING - Рейтинги отсутствуют для команд 134 или 98
2025-03-27 01:02:16,336 - Analyzer - WARNING - Нет данных о матчах для расчета рейтингов
2025-03-27 01:02:16,337 - Analyzer - WARNING - Рейтинги отсутствуют для команд 199 или 129
2025-03-27 01:02:16,337 - Analyzer - WARNING - Нет данных о матчах для расчета рейтингов
2025-03-27 01:02:16,337 - Analyzer - WARNING - Рейтинги отсутствуют для команд 1635 или 40
2025-03-27 01:02:16,338 - Analyzer - WARNING - Нет данных о матчах для расчета рейтингов
2025-03-27 01:02:16,338 - Analyzer - WARNING - Рейтинги отсутствуют для команд 87 или 175
2025-03-27 01:02:16,338 - Analyzer - WARNING - Нет данных о матчах для расчета рейтингов
2025-03-27 01:02:16,339 - Analyzer - WARNING - Рейтинги отсутствуют для команд 80 или 134
2025-03-27 01:02:16,339 - Analyzer - WARNING - Нет данных о матчах для расчета рейтингов
2025-03-27 01:02:16,339 - Analyzer - WARNING - Рейтинги отсутствуют для команд 98 или 16
2025-03-27 01:02:16,340 - Analyzer - WARNING - Нет данных о матчах для расчета рейтингов
2025-03-27 01:02:16,340 - Analyzer - WARNING - Рейтинги отсутствуют для команд 7 или 131
2025-03-27 01:02:16,341 - Analyzer - WARNING - Нет данных о матчах для расчета рейтингов
2025-03-27 01:02:16,341 - Analyzer - WARNING - Рейтинги отсутствуют для команд 95 или 104
2025-03-27 01:02:16,341 - Analyzer - WARNING - Нет данных о матчах для расчета рейтингов
2025-03-27 01:02:16,342 - Analyzer - WARNING - Рейтинги отсутствуют для команд 112 или 6
2025-03-27 01:02:16,342 - Analyzer - WARNING - Нет данных о матчах для расчета рейтингов
2025-03-27 01:02:16,342 - Analyzer - WARNING - Рейтинги отсутствуют для команд 81 или 91
2025-03-27 01:02:16,342 - Analyzer - WARNING - Нет данных о матчах для расчета рейтингов
2025-03-27 01:02:16,343 - Analyzer - WARNING - Рейтинги отсутствуют для команд 131 или 175
2025-03-27 01:02:16,343 - Analyzer - WARNING - Нет данных о матчах для расчета рейтингов
2025-03-27 01:02:16,343 - Analyzer - WARNING - Рейтинги отсутствуют для команд 134 или 1635
2025-03-27 01:02:16,344 - Analyzer - WARNING - Нет данных о матчах для расчета рейтингов
2025-03-27 01:02:16,344 - Analyzer - WARNING - Рейтинги отсутствуют для команд 80 или 199
2025-03-27 01:02:16,344 - Analyzer - WARNING - Нет данных о матчах для расчета рейтингов
2025-03-27 01:02:16,345 - Analyzer - WARNING - Рейтинги отсутствуют для команд 129 или 81
2025-03-27 01:02:16,345 - Analyzer - WARNING - Нет данных о матчах для расчета рейтингов
2025-03-27 01:02:16,345 - Analyzer - WARNING - Рейтинги отсутствуют для команд 104 или 112
2025-03-27 01:02:16,346 - Analyzer - WARNING - Нет данных о матчах для расчета рейтингов
2025-03-27 01:02:16,346 - Analyzer - WARNING - Рейтинги отсутствуют для команд 40 или 87
2025-03-27 01:02:16,346 - Analyzer - WARNING - Нет данных о матчах для расчета рейтингов
2025-03-27 01:02:16,346 - Analyzer - WARNING - Рейтинги отсутствуют для команд 6 или 7
2025-03-27 01:02:16,347 - Analyzer - WARNING - Нет данных о матчах для расчета рейтингов
2025-03-27 01:02:16,347 - Analyzer - WARNING - Рейтинги отсутствуют для команд 91 или 98
2025-03-27 01:02:16,347 - Analyzer - WARNING - Нет данных о матчах для расчета рейтингов
2025-03-27 01:02:16,348 - Analyzer - WARNING - Рейтинги отсутствуют для команд 16 или 95
2025-03-27 01:02:16,348 - Analyzer - WARNING - Нет данных о матчах для расчета рейтингов
2025-03-27 01:02:16,348 - Analyzer - WARNING - Рейтинги отсутствуют для команд 1635 или 16
2025-03-27 01:02:16,349 - Analyzer - WARNING - Нет данных о матчах для расчета рейтингов
2025-03-27 01:02:16,349 - Analyzer - WARNING - Рейтинги отсутствуют для команд 7 или 104
2025-03-27 01:02:16,349 - Analyzer - WARNING - Нет данных о матчах для расчета рейтингов
2025-03-27 01:02:16,350 - Analyzer - WARNING - Рейтинги отсутствуют для команд 175 или 40
2025-03-27 01:02:16,350 - Analyzer - WARNING - Нет данных о матчах для расчета рейтингов
2025-03-27 01:02:16,351 - Analyzer - WARNING - Рейтинги отсутствуют для команд 199 или 134
2025-03-27 01:02:16,351 - Analyzer - WARNING - Нет данных о матчах для расчета рейтингов
2025-03-27 01:02:16,352 - Analyzer - WARNING - Рейтинги отсутствуют для команд 112 или 91
2025-03-27 01:02:16,352 - Analyzer - WARNING - Нет данных о матчах для расчета рейтингов
2025-03-27 01:02:16,353 - Analyzer - WARNING - Рейтинги отсутствуют для команд 95 или 80
2025-03-27 01:02:16,353 - Analyzer - WARNING - Нет данных о матчах для расчета рейтингов
2025-03-27 01:02:16,354 - Analyzer - WARNING - Рейтинги отсутствуют для команд 81 или 6
2025-03-27 01:02:16,354 - Analyzer - WARNING - Нет данных о матчах для расчета рейтингов
2025-03-27 01:02:16,355 - Analyzer - WARNING - Рейтинги отсутствуют для команд 87 или 131
2025-03-27 01:02:16,355 - Analyzer - WARNING - Нет данных о матчах для расчета рейтингов
2025-03-27 01:02:16,355 - Analyzer - WARNING - Рейтинги отсутствуют для команд 98 или 129
2025-03-27 01:02:16,475 - Analyzer - INFO - Создано 306 прогнозов для предстоящих матчей
2025-03-27 01:02:16,476 - BundesligaPredictor - INFO - Создано 306 прогнозов
2025-03-27 01:02:17,368 - BundesligaPredictor - INFO - Выбираем ставки для предложения...
2025-03-27 01:02:17,371 - BundesligaPredictor - WARNING - Нет согласованных ставок, используем ставки с наибольшей ценностью
2025-03-27 01:02:17,371 - BundesligaPredictor - INFO - Предложено 5 ставок из 303 возможных
2025-03-27 01:02:17,372 - TelegramNotifier - INFO - Нет прогнозов на сегодня (2025-03-27)
2025-03-27 01:02:17,483 - TelegramNotifier - INFO - Сообщение успешно отправлено в Telegram
2025-03-27 01:02:17,576 - TelegramNotifier - INFO - Сообщение успешно отправлено в Telegram
2025-03-27 01:02:17,680 - TelegramNotifier - INFO - Сообщение успешно отправлено в Telegram
2025-03-27 01:02:17,798 - TelegramNotifier - INFO - Сообщение успешно отправлено в Telegram
2025-03-27 01:02:17,911 - TelegramNotifier - INFO - Сообщение успешно отправлено в Telegram
2025-03-27 01:02:17,913 - BundesligaPredictor - ERROR - Ошибка при размещении ставок: name 'VALUE_BASED_SIZING' is not defined
2025-03-27 01:03:58,421 - BundesligaPredictor - INFO - Инициализация системы прогнозирования Бундеслиги
2025-03-27 01:03:58,423 - DataCollector - INFO - Инициализирован сборщик данных для Бундеслиги
2025-03-27 01:03:58,423 - Analyzer - INFO - Инициализирован анализатор данных для Бундеслиги
2025-03-27 01:03:58,424 - Analyzer - INFO - Загружена информация о 18 командах
2025-03-27 01:03:58,425 - Analyzer - WARNING - Файлы с прошедшими матчами не найдены
2025-03-27 01:03:58,426 - OddsCollector - INFO - Загружены данные о 1 командах
2025-03-27 01:03:58,431 - OddsCollector - INFO - Рейтинги команд сохранены в C:\Users\Fylkrym\Desktop\nextstep\data/team_rankings.json
2025-03-27 01:03:58,431 - OddsCollector - INFO - Инициализирован сборщик коэффициентов
2025-03-27 01:03:58,433 - BundesligaPredictor - INFO - Запуск полного цикла работы системы
2025-03-27 01:03:58,434 - BundesligaPredictor - INFO - Начинаем сбор данных...
2025-03-27 01:03:58,434 - DataCollector - INFO - Начинаем сбор всех данных для анализа
2025-03-27 01:03:58,434 - DataCollector - INFO - Получение информации о командах Бундеслиги
2025-03-27 01:03:58,435 - BundesligaPredictor - ERROR - Ошибка при сборе данных: name 'LEAGUE_NAME' is not defined
2025-03-27 01:03:58,444 - DataCollector - INFO - Инициализирован сборщик данных для Бундеслиги
2025-03-27 01:03:58,444 - DataCollector - INFO - Получение информации о матчах Бундеслиги
